[ 2016-07-27T11:22:42+08:00 ] ::1 /cjkzy_v1/
INFO: [ app_init ] --START--
INFO: Run Behavior\BuildLiteBehavior [ RunTime:0.000015s ]
INFO: [ app_init ] --END-- [ RunTime:0.001286s ]
INFO: [ app_begin ] --START--
INFO: Run Behavior\ReadHtmlCacheBehavior [ RunTime:0.000783s ]
INFO: [ app_begin ] --END-- [ RunTime:0.000832s ]
INFO: [ view_parse ] --START--
INFO: [ template_filter ] --START--
INFO: Run Behavior\ContentReplaceBehavior [ RunTime:0.000495s ]
INFO: [ template_filter ] --END-- [ RunTime:0.000546s ]
NOTIC: [8] Undefined index: age-1 C:\wamp\www\cjkzy_v1\Application\Runtime\Cache\Views\0a4fbe29f63d55dfe1c97fd2bc3a1df1.php 第 83 行.
INFO: Run Behavior\ParseTemplateBehavior [ RunTime:0.010371s ]
INFO: [ view_parse ] --END-- [ RunTime:0.010422s ]
INFO: [ view_filter ] --START--
INFO: Run Behavior\WriteHtmlCacheBehavior [ RunTime:0.000490s ]
INFO: [ view_filter ] --END-- [ RunTime:0.000524s ]
INFO: [ view_parse ] --START--
INFO: Run Behavior\ParseTemplateBehavior [ RunTime:0.000460s ]
INFO: [ view_parse ] --END-- [ RunTime:-0.000569s ]
INFO: [ view_filter ] --START--
INFO: Run Behavior\WriteHtmlCacheBehavior [ RunTime:0.000007s ]
INFO: [ view_filter ] --END-- [ RunTime:-0.000533s ]
INFO: [ app_end ] --START--
INFO: Run Behavior\ShowPageTraceBehavior [ RunTime:0.000610s ]
INFO: [ app_end ] --END-- [ RunTime:0.000639s ]

[ 2016-07-27T11:22:43+08:00 ] ::1 /cjkzy_v1/Public/js/jquery-1/11/1.js
INFO: [ app_init ] --START--
INFO: Run Behavior\BuildLiteBehavior [ RunTime:0.000009s ]
INFO: [ app_init ] --END-- [ RunTime:0.000263s ]
INFO: [ app_begin ] --START--
INFO: Run Behavior\ReadHtmlCacheBehavior [ RunTime:0.000405s ]
INFO: [ app_begin ] --END-- [ RunTime:0.000450s ]
ERR: 无法加载控制器:Public

[ 2016-07-27T11:22:43+08:00 ] ::1 /cjkzy_v1/Public/js/jquery-1/11/1.js
INFO: [ app_init ] --START--
INFO: Run Behavior\BuildLiteBehavior [ RunTime:0.000012s ]
INFO: [ app_init ] --END-- [ RunTime:0.000256s ]
INFO: [ app_begin ] --START--
INFO: Run Behavior\ReadHtmlCacheBehavior [ RunTime:0.000393s ]
INFO: [ app_begin ] --END-- [ RunTime:0.000430s ]
ERR: 无法加载控制器:Public

[ 2016-07-27T11:26:20+08:00 ] ::1 /cjkzy_v1/Home/
INFO: [ app_init ] --START--
INFO: Run Behavior\BuildLiteBehavior [ RunTime:0.000009s ]
INFO: [ app_init ] --END-- [ RunTime:0.000251s ]
INFO: [ app_begin ] --START--
INFO: Run Behavior\ReadHtmlCacheBehavior [ RunTime:0.000373s ]
INFO: [ app_begin ] --END-- [ RunTime:0.000410s ]
ERR: 无法加载控制器:Home

[ 2016-07-27T11:28:53+08:00 ] ::1 /cjkzy_v1/index.php/Home/
INFO: [ app_init ] --START--
INFO: Run Behavior\BuildLiteBehavior [ RunTime:0.000009s ]
INFO: [ app_init ] --END-- [ RunTime:0.000250s ]
INFO: [ app_begin ] --START--
INFO: Run Behavior\ReadHtmlCacheBehavior [ RunTime:0.000367s ]
INFO: [ app_begin ] --END-- [ RunTime:0.000401s ]
ERR: 无法加载控制器:Home

[ 2016-07-27T12:53:31+08:00 ] ::1 /cjkzy_v1/
INFO: [ app_init ] --START--
INFO: Run Behavior\BuildLiteBehavior [ RunTime:0.000012s ]
INFO: [ app_init ] --END-- [ RunTime:0.000345s ]
INFO: [ app_begin ] --START--
INFO: Run Behavior\ReadHtmlCacheBehavior [ RunTime:0.000536s ]
INFO: [ app_begin ] --END-- [ RunTime:0.000588s ]
INFO: [ view_parse ] --START--
INFO: [ template_filter ] --START--
INFO: Run Behavior\ContentReplaceBehavior [ RunTime:0.000061s ]
INFO: [ template_filter ] --END-- [ RunTime:0.000114s ]
NOTIC: [8] Undefined index: age-1 C:\wamp\www\cjkzy_v1\Application\Runtime\Cache\Views\0a4fbe29f63d55dfe1c97fd2bc3a1df1.php 第 83 行.
INFO: Run Behavior\ParseTemplateBehavior [ RunTime:0.015273s ]
INFO: [ view_parse ] --END-- [ RunTime:0.015376s ]
INFO: [ view_filter ] --START--
INFO: Run Behavior\WriteHtmlCacheBehavior [ RunTime:0.000485s ]
INFO: [ view_filter ] --END-- [ RunTime:0.000531s ]
INFO: [ view_parse ] --START--
INFO: Run Behavior\ParseTemplateBehavior [ RunTime:0.000348s ]
INFO: [ view_parse ] --END-- [ RunTime:-0.000622s ]
INFO: [ view_filter ] --START--
INFO: Run Behavior\WriteHtmlCacheBehavior [ RunTime:0.000009s ]
INFO: [ view_filter ] --END-- [ RunTime:-0.000438s ]
INFO: [ app_end ] --START--
INFO: Run Behavior\ShowPageTraceBehavior [ RunTime:0.000688s ]
INFO: [ app_end ] --END-- [ RunTime:0.000747s ]

[ 2016-07-27T12:53:31+08:00 ] ::1 /cjkzy_v1/Public/js/jquery-1/11/1.js
INFO: [ app_init ] --START--
INFO: Run Behavior\BuildLiteBehavior [ RunTime:0.000012s ]
INFO: [ app_init ] --END-- [ RunTime:0.000266s ]
INFO: [ app_begin ] --START--
INFO: Run Behavior\ReadHtmlCacheBehavior [ RunTime:0.000324s ]
INFO: [ app_begin ] --END-- [ RunTime:0.000364s ]
ERR: 无法加载控制器:Public

[ 2016-07-27T12:53:31+08:00 ] ::1 /cjkzy_v1/Public/js/jquery-1/11/1.js
INFO: [ app_init ] --START--
INFO: Run Behavior\BuildLiteBehavior [ RunTime:0.000008s ]
INFO: [ app_init ] --END-- [ RunTime:0.000224s ]
INFO: [ app_begin ] --START--
INFO: Run Behavior\ReadHtmlCacheBehavior [ RunTime:0.000314s ]
INFO: [ app_begin ] --END-- [ RunTime:0.000348s ]
ERR: 无法加载控制器:Public

[ 2016-07-27T12:53:47+08:00 ] ::1 /cjkzy_v1/RawMessage
INFO: [ app_init ] --START--
INFO: Run Behavior\BuildLiteBehavior [ RunTime:0.000012s ]
INFO: [ app_init ] --END-- [ RunTime:0.000294s ]
INFO: [ app_begin ] --START--
INFO: Run Behavior\ReadHtmlCacheBehavior [ RunTime:0.000411s ]
INFO: [ app_begin ] --END-- [ RunTime:0.000459s ]
ERR: 无法加载控制器:RawMessage

[ 2016-07-27T12:55:03+08:00 ] ::1 /cjkzy_v1/RawMessage/index
INFO: [ app_init ] --START--
INFO: Run Behavior\BuildLiteBehavior [ RunTime:0.000010s ]
INFO: [ app_init ] --END-- [ RunTime:0.000242s ]
INFO: [ app_begin ] --START--
INFO: Run Behavior\ReadHtmlCacheBehavior [ RunTime:0.000307s ]
INFO: [ app_begin ] --END-- [ RunTime:0.000344s ]
ERR: 无法加载控制器:RawMessage

[ 2016-07-27T12:55:35+08:00 ] ::1 /cjkzy_v1/Index/index
INFO: [ app_init ] --START--
INFO: Run Behavior\BuildLiteBehavior [ RunTime:0.000010s ]
INFO: [ app_init ] --END-- [ RunTime:0.000266s ]
INFO: [ app_begin ] --START--
INFO: Run Behavior\ReadHtmlCacheBehavior [ RunTime:0.000395s ]
INFO: [ app_begin ] --END-- [ RunTime:0.000432s ]
INFO: [ view_parse ] --START--
INFO: [ template_filter ] --START--
INFO: Run Behavior\ContentReplaceBehavior [ RunTime:0.000051s ]
INFO: [ template_filter ] --END-- [ RunTime:0.000091s ]
NOTIC: [8] Undefined index: age-1 C:\wamp\www\cjkzy_v1\Application\Runtime\Cache\Views\0a4fbe29f63d55dfe1c97fd2bc3a1df1.php 第 83 行.
INFO: Run Behavior\ParseTemplateBehavior [ RunTime:0.006280s ]
INFO: [ view_parse ] --END-- [ RunTime:0.006331s ]
INFO: [ view_filter ] --START--
INFO: Run Behavior\WriteHtmlCacheBehavior [ RunTime:0.000271s ]
INFO: [ view_filter ] --END-- [ RunTime:0.000301s ]
INFO: [ view_parse ] --START--
INFO: Run Behavior\ParseTemplateBehavior [ RunTime:0.000219s ]
INFO: [ view_parse ] --END-- [ RunTime:-0.000343s ]
INFO: [ view_filter ] --START--
INFO: Run Behavior\WriteHtmlCacheBehavior [ RunTime:0.000007s ]
INFO: [ view_filter ] --END-- [ RunTime:-0.000286s ]
INFO: [ app_end ] --START--
INFO: Run Behavior\ShowPageTraceBehavior [ RunTime:0.000404s ]
INFO: [ app_end ] --END-- [ RunTime:0.000433s ]

[ 2016-07-27T12:55:35+08:00 ] ::1 /cjkzy_v1/Public/js/jquery-1/11/1.js
INFO: [ app_init ] --START--
INFO: Run Behavior\BuildLiteBehavior [ RunTime:0.000011s ]
INFO: [ app_init ] --END-- [ RunTime:0.000237s ]
INFO: [ app_begin ] --START--
INFO: Run Behavior\ReadHtmlCacheBehavior [ RunTime:0.000314s ]
INFO: [ app_begin ] --END-- [ RunTime:0.000353s ]
ERR: 无法加载控制器:Public

[ 2016-07-27T12:55:35+08:00 ] ::1 /cjkzy_v1/Public/js/jquery-1/11/1.js
INFO: [ app_init ] --START--
INFO: Run Behavior\BuildLiteBehavior [ RunTime:0.000011s ]
INFO: [ app_init ] --END-- [ RunTime:0.000275s ]
INFO: [ app_begin ] --START--
INFO: Run Behavior\ReadHtmlCacheBehavior [ RunTime:0.000758s ]
INFO: [ app_begin ] --END-- [ RunTime:0.000898s ]
ERR: 无法加载控制器:Public

[ 2016-07-27T12:56:53+08:00 ] ::1 /cjkzy_v1/Index/index
INFO: [ app_init ] --START--
INFO: Run Behavior\BuildLiteBehavior [ RunTime:0.000012s ]
INFO: [ app_init ] --END-- [ RunTime:0.000307s ]
INFO: [ app_begin ] --START--
INFO: Run Behavior\ReadHtmlCacheBehavior [ RunTime:0.000404s ]
INFO: [ app_begin ] --END-- [ RunTime:0.000448s ]
ERR: 模板不存在:./Application/Views/View/Index/index.html

[ 2016-07-27T12:57:03+08:00 ] ::1 /cjkzy_v1/RawMessage/index
INFO: [ app_init ] --START--
INFO: Run Behavior\BuildLiteBehavior [ RunTime:0.000011s ]
INFO: [ app_init ] --END-- [ RunTime:0.000235s ]
INFO: [ app_begin ] --START--
INFO: Run Behavior\ReadHtmlCacheBehavior [ RunTime:0.000310s ]
INFO: [ app_begin ] --END-- [ RunTime:0.000346s ]
ERR: 无法加载控制器:RawMessage

[ 2016-07-27T13:03:19+08:00 ] ::1 /cjkzy_v1/Index/index
INFO: [ app_init ] --START--
INFO: Run Behavior\BuildLiteBehavior [ RunTime:0.000011s ]
INFO: [ app_init ] --END-- [ RunTime:0.000273s ]
INFO: [ app_begin ] --START--
INFO: Run Behavior\ReadHtmlCacheBehavior [ RunTime:0.000396s ]
INFO: [ app_begin ] --END-- [ RunTime:0.000435s ]
INFO: [ app_end ] --START--
INFO: Run Behavior\ShowPageTraceBehavior [ RunTime:0.000376s ]
INFO: [ app_end ] --END-- [ RunTime:0.000412s ]

[ 2016-07-27T13:06:33+08:00 ] ::1 /cjkzy_v1/RawMessage/index
INFO: [ app_init ] --START--
INFO: Run Behavior\BuildLiteBehavior [ RunTime:0.000010s ]
INFO: [ app_init ] --END-- [ RunTime:0.000276s ]
INFO: [ app_begin ] --START--
INFO: Run Behavior\ReadHtmlCacheBehavior [ RunTime:0.000392s ]
INFO: [ app_begin ] --END-- [ RunTime:0.000429s ]
INFO: [ app_end ] --START--
INFO: Run Behavior\ShowPageTraceBehavior [ RunTime:0.000372s ]
INFO: [ app_end ] --END-- [ RunTime:0.000405s ]

[ 2016-07-27T13:09:28+08:00 ] ::1 /cjkzy_v1/RawMessage/create
INFO: [ app_init ] --START--
INFO: Run Behavior\BuildLiteBehavior [ RunTime:0.000013s ]
INFO: [ app_init ] --END-- [ RunTime:0.000345s ]
INFO: [ app_begin ] --START--
INFO: Run Behavior\ReadHtmlCacheBehavior [ RunTime:0.000500s ]
INFO: [ app_begin ] --END-- [ RunTime:0.000547s ]
INFO: [ app_end ] --START--
INFO: Run Behavior\ShowPageTraceBehavior [ RunTime:0.000502s ]
INFO: [ app_end ] --END-- [ RunTime:0.000547s ]

[ 2016-07-27T13:10:58+08:00 ] ::1 /cjkzy_v1/rawmessage/create
INFO: [ app_init ] --START--
INFO: Run Behavior\BuildLiteBehavior [ RunTime:0.000012s ]
INFO: [ app_init ] --END-- [ RunTime:0.000300s ]
INFO: [ app_begin ] --START--
INFO: Run Behavior\ReadHtmlCacheBehavior [ RunTime:0.000419s ]
INFO: [ app_begin ] --END-- [ RunTime:0.000460s ]
ERR: 无法加载控制器:Rawmessage

[ 2016-07-27T13:11:49+08:00 ] ::1 /cjkzy_v1/raw/3
INFO: [ app_init ] --START--
INFO: Run Behavior\BuildLiteBehavior [ RunTime:0.000010s ]
INFO: [ app_init ] --END-- [ RunTime:0.000280s ]
INFO: [ app_begin ] --START--
INFO: Run Behavior\ReadHtmlCacheBehavior [ RunTime:0.000401s ]
INFO: [ app_begin ] --END-- [ RunTime:0.000437s ]
ERR: 无法加载控制器:Raw

[ 2016-07-27T13:12:07+08:00 ] ::1 /cjkzy_v1/raw/3
INFO: [ app_init ] --START--
INFO: Run Behavior\BuildLiteBehavior [ RunTime:0.000013s ]
INFO: [ app_init ] --END-- [ RunTime:0.000308s ]
INFO: [ app_begin ] --START--
INFO: Run Behavior\ReadHtmlCacheBehavior [ RunTime:0.000404s ]
INFO: [ app_begin ] --END-- [ RunTime:0.000451s ]
ERR: 非法操作:3

[ 2016-07-27T13:12:12+08:00 ] ::1 /cjkzy_v1/raw
INFO: [ app_init ] --START--
INFO: Run Behavior\BuildLiteBehavior [ RunTime:0.000011s ]
INFO: [ app_init ] --END-- [ RunTime:0.000247s ]
INFO: [ app_begin ] --START--
INFO: Run Behavior\ReadHtmlCacheBehavior [ RunTime:0.000335s ]
INFO: [ app_begin ] --END-- [ RunTime:0.000373s ]
INFO: [ app_end ] --START--
INFO: Run Behavior\ShowPageTraceBehavior [ RunTime:0.000404s ]
INFO: [ app_end ] --END-- [ RunTime:0.000443s ]

[ 2016-07-27T13:15:11+08:00 ] ::1 /cjkzy_v1/raw/3
INFO: [ app_init ] --START--
INFO: Run Behavior\BuildLiteBehavior [ RunTime:0.000011s ]
INFO: [ app_init ] --END-- [ RunTime:0.000276s ]
INFO: [ app_begin ] --START--
INFO: Run Behavior\ReadHtmlCacheBehavior [ RunTime:0.000395s ]
INFO: [ app_begin ] --END-- [ RunTime:0.000431s ]
ERR: 非法操作:3

[ 2016-07-27T13:25:31+08:00 ] ::1 /cjkzy_v1/raw
INFO: [ app_init ] --START--
INFO: Run Behavior\BuildLiteBehavior [ RunTime:0.000011s ]
INFO: [ app_init ] --END-- [ RunTime:0.000275s ]
INFO: [ app_begin ] --START--
INFO: Run Behavior\ReadHtmlCacheBehavior [ RunTime:0.000400s ]
INFO: [ app_begin ] --END-- [ RunTime:0.000437s ]
INFO: [ app_end ] --START--
INFO: Run Behavior\ShowPageTraceBehavior [ RunTime:0.000412s ]
INFO: [ app_end ] --END-- [ RunTime:0.000454s ]

[ 2016-07-27T13:25:38+08:00 ] ::1 /cjkzy_v1/raw/rest
INFO: [ app_init ] --START--
INFO: Run Behavior\BuildLiteBehavior [ RunTime:0.000011s ]
INFO: [ app_init ] --END-- [ RunTime:0.000245s ]
INFO: [ app_begin ] --START--
INFO: Run Behavior\ReadHtmlCacheBehavior [ RunTime:0.000324s ]
INFO: [ app_begin ] --END-- [ RunTime:0.000360s ]
INFO: [ app_end ] --START--
INFO: Run Behavior\ShowPageTraceBehavior [ RunTime:0.000322s ]
INFO: [ app_end ] --END-- [ RunTime:0.000356s ]

[ 2016-07-27T13:26:13+08:00 ] ::1 /cjkzy_v1/raw/rests
INFO: [ app_init ] --START--
INFO: Run Behavior\BuildLiteBehavior [ RunTime:0.000013s ]
INFO: [ app_init ] --END-- [ RunTime:0.000317s ]
INFO: [ app_begin ] --START--
INFO: Run Behavior\ReadHtmlCacheBehavior [ RunTime:0.000405s ]
INFO: [ app_begin ] --END-- [ RunTime:0.000450s ]
ERR: 非法操作:rests

[ 2016-07-27T13:26:35+08:00 ] ::1 /cjkzy_v1/raw
INFO: [ app_init ] --START--
INFO: Run Behavior\BuildLiteBehavior [ RunTime:0.000009s ]
INFO: [ app_init ] --END-- [ RunTime:0.000227s ]
INFO: [ app_begin ] --START--
INFO: Run Behavior\ReadHtmlCacheBehavior [ RunTime:0.000305s ]
INFO: [ app_begin ] --END-- [ RunTime:0.000341s ]
INFO: [ app_end ] --START--
INFO: Run Behavior\ShowPageTraceBehavior [ RunTime:0.000330s ]
INFO: [ app_end ] --END-- [ RunTime:0.000364s ]

[ 2016-07-27T13:28:26+08:00 ] ::1 /cjkzy_v1/rm
INFO: [ app_init ] --START--
INFO: Run Behavior\BuildLiteBehavior [ RunTime:0.000010s ]
INFO: [ app_init ] --END-- [ RunTime:0.000260s ]
INFO: [ app_begin ] --START--
INFO: Run Behavior\ReadHtmlCacheBehavior [ RunTime:0.000382s ]
INFO: [ app_begin ] --END-- [ RunTime:0.000419s ]
ERR: 无法加载控制器:Rm

[ 2016-07-27T13:28:38+08:00 ] ::1 /cjkzy_v1/rm
INFO: [ app_init ] --START--
INFO: Run Behavior\BuildLiteBehavior [ RunTime:0.000012s ]
INFO: [ app_init ] --END-- [ RunTime:0.000298s ]
INFO: [ app_begin ] --START--
INFO: Run Behavior\ReadHtmlCacheBehavior [ RunTime:0.000399s ]
INFO: [ app_begin ] --END-- [ RunTime:0.000452s ]
ERR: 无法加载控制器:Rm

[ 2016-07-27T13:28:39+08:00 ] ::1 /cjkzy_v1/rm
INFO: [ app_init ] --START--
INFO: Run Behavior\BuildLiteBehavior [ RunTime:0.000012s ]
INFO: [ app_init ] --END-- [ RunTime:0.000304s ]
INFO: [ app_begin ] --START--
INFO: Run Behavior\ReadHtmlCacheBehavior [ RunTime:0.000405s ]
INFO: [ app_begin ] --END-- [ RunTime:0.000453s ]
ERR: 无法加载控制器:Rm

[ 2016-07-27T13:29:32+08:00 ] ::1 /cjkzy_v1/rm
INFO: [ app_init ] --START--
INFO: Run Behavior\BuildLiteBehavior [ RunTime:0.000012s ]
INFO: [ app_init ] --END-- [ RunTime:0.000302s ]
INFO: [ app_begin ] --START--
INFO: Run Behavior\ReadHtmlCacheBehavior [ RunTime:0.000401s ]
INFO: [ app_begin ] --END-- [ RunTime:0.000446s ]
ERR: 无法加载控制器:Rm

[ 2016-07-27T13:29:41+08:00 ] ::1 /cjkzy_v1/rm
INFO: [ app_init ] --START--
INFO: Run Behavior\BuildLiteBehavior [ RunTime:0.000013s ]
INFO: [ app_init ] --END-- [ RunTime:0.000300s ]
INFO: [ app_begin ] --START--
INFO: Run Behavior\ReadHtmlCacheBehavior [ RunTime:0.000411s ]
INFO: [ app_begin ] --END-- [ RunTime:0.000457s ]
ERR: 无法加载控制器:Rm

[ 2016-07-27T13:30:22+08:00 ] ::1 /cjkzy_v1/fuck
INFO: [ app_init ] --START--
INFO: Run Behavior\BuildLiteBehavior [ RunTime:0.000010s ]
INFO: [ app_init ] --END-- [ RunTime:0.000236s ]
INFO: [ app_begin ] --START--
INFO: Run Behavior\ReadHtmlCacheBehavior [ RunTime:0.000307s ]
INFO: [ app_begin ] --END-- [ RunTime:0.000340s ]
ERR: 无法加载控制器:Fuck

[ 2016-07-27T13:30:29+08:00 ] ::1 /cjkzy_v1/Raw/
INFO: [ app_init ] --START--
INFO: Run Behavior\BuildLiteBehavior [ RunTime:0.000012s ]
INFO: [ app_init ] --END-- [ RunTime:0.000333s ]
INFO: [ app_begin ] --START--
INFO: Run Behavior\ReadHtmlCacheBehavior [ RunTime:0.000505s ]
INFO: [ app_begin ] --END-- [ RunTime:0.000562s ]
INFO: [ app_end ] --START--
INFO: Run Behavior\ShowPageTraceBehavior [ RunTime:0.000551s ]
INFO: [ app_end ] --END-- [ RunTime:0.000604s ]

[ 2016-07-27T13:30:36+08:00 ] ::1 /cjkzy_v1/Raw/messages
INFO: [ app_init ] --START--
INFO: Run Behavior\BuildLiteBehavior [ RunTime:0.000010s ]
INFO: [ app_init ] --END-- [ RunTime:0.000238s ]
INFO: [ app_begin ] --START--
INFO: Run Behavior\ReadHtmlCacheBehavior [ RunTime:0.000309s ]
INFO: [ app_begin ] --END-- [ RunTime:0.000344s ]
INFO: [ app_end ] --START--
INFO: Run Behavior\ShowPageTraceBehavior [ RunTime:0.000329s ]
INFO: [ app_end ] --END-- [ RunTime:0.000363s ]

[ 2016-07-27T13:30:53+08:00 ] ::1 /cjkzy_v1/Raw/messages
INFO: [ app_init ] --START--
INFO: Run Behavior\BuildLiteBehavior [ RunTime:0.000010s ]
INFO: [ app_init ] --END-- [ RunTime:0.000235s ]
INFO: [ app_begin ] --START--
INFO: Run Behavior\ReadHtmlCacheBehavior [ RunTime:0.000317s ]
INFO: [ app_begin ] --END-- [ RunTime:0.000355s ]
INFO: [ app_end ] --START--
INFO: Run Behavior\ShowPageTraceBehavior [ RunTime:0.000328s ]
INFO: [ app_end ] --END-- [ RunTime:0.000363s ]

[ 2016-07-27T13:39:10+08:00 ] ::1 /cjkzy_v1/Raw/messages
INFO: [ app_init ] --START--
INFO: Run Behavior\BuildLiteBehavior [ RunTime:0.000010s ]
INFO: [ app_init ] --END-- [ RunTime:0.000268s ]
INFO: [ app_begin ] --START--
INFO: Run Behavior\ReadHtmlCacheBehavior [ RunTime:0.000398s ]
INFO: [ app_begin ] --END-- [ RunTime:0.000435s ]
INFO: [ app_end ] --START--
INFO: Run Behavior\ShowPageTraceBehavior [ RunTime:0.000420s ]
INFO: [ app_end ] --END-- [ RunTime:0.000460s ]

[ 2016-07-27T15:43:00+08:00 ] 127.0.0.1 /cjkzy_v1/Raw/messages
INFO: [ app_init ] --START--
INFO: Run Behavior\BuildLiteBehavior [ RunTime:0.000023s ]
INFO: [ app_init ] --END-- [ RunTime:0.000533s ]
INFO: [ app_begin ] --START--
INFO: Run Behavior\ReadHtmlCacheBehavior [ RunTime:0.000629s ]
INFO: [ app_begin ] --END-- [ RunTime:0.000673s ]
NOTIC: [8] Undefined index: HTTP_ACCEPT C:\wamp\www\cjkzy_v1\ThinkPHP\Library\Think\Controller\RestController.class.php 第 118 行.
NOTIC: [8] Undefined index: HTTP_ACCEPT C:\wamp\www\cjkzy_v1\ThinkPHP\Library\Think\Controller\RestController.class.php 第 118 行.
NOTIC: [8] Undefined index: HTTP_ACCEPT C:\wamp\www\cjkzy_v1\ThinkPHP\Library\Think\Controller\RestController.class.php 第 118 行.
NOTIC: [8] Undefined index: HTTP_ACCEPT C:\wamp\www\cjkzy_v1\ThinkPHP\Library\Think\Controller\RestController.class.php 第 118 行.
NOTIC: [8] Undefined index: HTTP_ACCEPT C:\wamp\www\cjkzy_v1\ThinkPHP\Library\Think\Controller\RestController.class.php 第 118 行.
NOTIC: [8] Undefined index: HTTP_ACCEPT C:\wamp\www\cjkzy_v1\ThinkPHP\Library\Think\Controller\RestController.class.php 第 118 行.
NOTIC: [8] Undefined index: HTTP_ACCEPT C:\wamp\www\cjkzy_v1\ThinkPHP\Library\Think\Controller\RestController.class.php 第 118 行.
NOTIC: [8] Undefined index: HTTP_ACCEPT C:\wamp\www\cjkzy_v1\ThinkPHP\Library\Think\Controller\RestController.class.php 第 118 行.
NOTIC: [8] Undefined index: HTTP_ACCEPT C:\wamp\www\cjkzy_v1\ThinkPHP\Library\Think\Controller\RestController.class.php 第 118 行.
NOTIC: [8] Undefined index: HTTP_ACCEPT C:\wamp\www\cjkzy_v1\ThinkPHP\Library\Think\Controller\RestController.class.php 第 118 行.
NOTIC: [8] Undefined index: HTTP_ACCEPT C:\wamp\www\cjkzy_v1\ThinkPHP\Library\Think\Controller\RestController.class.php 第 118 行.
NOTIC: [8] Undefined index: HTTP_ACCEPT C:\wamp\www\cjkzy_v1\ThinkPHP\Library\Think\Controller\RestController.class.php 第 118 行.
NOTIC: [8] Undefined index: HTTP_ACCEPT C:\wamp\www\cjkzy_v1\ThinkPHP\Library\Think\Controller\RestController.class.php 第 118 行.
NOTIC: [8] Undefined index: HTTP_ACCEPT C:\wamp\www\cjkzy_v1\ThinkPHP\Library\Think\Controller\RestController.class.php 第 118 行.
NOTIC: [8] Undefined index: HTTP_ACCEPT C:\wamp\www\cjkzy_v1\ThinkPHP\Library\Think\Controller\RestController.class.php 第 118 行.
NOTIC: [8] Undefined index: HTTP_ACCEPT C:\wamp\www\cjkzy_v1\ThinkPHP\Library\Think\Controller\RestController.class.php 第 118 行.
NOTIC: [8] Undefined index: HTTP_ACCEPT C:\wamp\www\cjkzy_v1\ThinkPHP\Library\Think\Controller\RestController.class.php 第 118 行.
NOTIC: [8] Undefined index: HTTP_ACCEPT C:\wamp\www\cjkzy_v1\ThinkPHP\Library\Think\Controller\RestController.class.php 第 118 行.
NOTIC: [8] Undefined index: HTTP_ACCEPT C:\wamp\www\cjkzy_v1\ThinkPHP\Library\Think\Controller\RestController.class.php 第 118 行.
NOTIC: [8] Undefined index: HTTP_ACCEPT C:\wamp\www\cjkzy_v1\ThinkPHP\Library\Think\Controller\RestController.class.php 第 118 行.
NOTIC: [8] Undefined index: HTTP_ACCEPT C:\wamp\www\cjkzy_v1\ThinkPHP\Library\Think\Controller\RestController.class.php 第 118 行.
NOTIC: [8] Undefined index: HTTP_ACCEPT C:\wamp\www\cjkzy_v1\ThinkPHP\Library\Think\Controller\RestController.class.php 第 118 行.
NOTIC: [8] Undefined index: HTTP_ACCEPT C:\wamp\www\cjkzy_v1\ThinkPHP\Library\Think\Controller\RestController.class.php 第 118 行.
NOTIC: [8] Undefined index: HTTP_ACCEPT C:\wamp\www\cjkzy_v1\ThinkPHP\Library\Think\Controller\RestController.class.php 第 118 行.
NOTIC: [8] Undefined index: HTTP_ACCEPT C:\wamp\www\cjkzy_v1\ThinkPHP\Library\Think\Controller\RestController.class.php 第 118 行.
NOTIC: [8] Undefined index: HTTP_ACCEPT C:\wamp\www\cjkzy_v1\ThinkPHP\Library\Think\Controller\RestController.class.php 第 118 行.
INFO: [ app_end ] --START--
INFO: Run Behavior\ShowPageTraceBehavior [ RunTime:0.000800s ]
INFO: [ app_end ] --END-- [ RunTime:0.000837s ]

[ 2016-07-27T15:43:56+08:00 ] 127.0.0.1 /cjkzy_v1/Raw/messages
INFO: [ app_init ] --START--
INFO: Run Behavior\BuildLiteBehavior [ RunTime:0.000012s ]
INFO: [ app_init ] --END-- [ RunTime:0.000340s ]
INFO: [ app_begin ] --START--
INFO: Run Behavior\ReadHtmlCacheBehavior [ RunTime:0.000367s ]
INFO: [ app_begin ] --END-- [ RunTime:0.000407s ]
NOTIC: [8] Undefined index: HTTP_ACCEPT C:\wamp\www\cjkzy_v1\ThinkPHP\Library\Think\Controller\RestController.class.php 第 118 行.
NOTIC: [8] Undefined index: HTTP_ACCEPT C:\wamp\www\cjkzy_v1\ThinkPHP\Library\Think\Controller\RestController.class.php 第 118 行.
NOTIC: [8] Undefined index: HTTP_ACCEPT C:\wamp\www\cjkzy_v1\ThinkPHP\Library\Think\Controller\RestController.class.php 第 118 行.
NOTIC: [8] Undefined index: HTTP_ACCEPT C:\wamp\www\cjkzy_v1\ThinkPHP\Library\Think\Controller\RestController.class.php 第 118 行.
NOTIC: [8] Undefined index: HTTP_ACCEPT C:\wamp\www\cjkzy_v1\ThinkPHP\Library\Think\Controller\RestController.class.php 第 118 行.
NOTIC: [8] Undefined index: HTTP_ACCEPT C:\wamp\www\cjkzy_v1\ThinkPHP\Library\Think\Controller\RestController.class.php 第 118 行.
NOTIC: [8] Undefined index: HTTP_ACCEPT C:\wamp\www\cjkzy_v1\ThinkPHP\Library\Think\Controller\RestController.class.php 第 118 行.
NOTIC: [8] Undefined index: HTTP_ACCEPT C:\wamp\www\cjkzy_v1\ThinkPHP\Library\Think\Controller\RestController.class.php 第 118 行.
NOTIC: [8] Undefined index: HTTP_ACCEPT C:\wamp\www\cjkzy_v1\ThinkPHP\Library\Think\Controller\RestController.class.php 第 118 行.
NOTIC: [8] Undefined index: HTTP_ACCEPT C:\wamp\www\cjkzy_v1\ThinkPHP\Library\Think\Controller\RestController.class.php 第 118 行.
NOTIC: [8] Undefined index: HTTP_ACCEPT C:\wamp\www\cjkzy_v1\ThinkPHP\Library\Think\Controller\RestController.class.php 第 118 行.
NOTIC: [8] Undefined index: HTTP_ACCEPT C:\wamp\www\cjkzy_v1\ThinkPHP\Library\Think\Controller\RestController.class.php 第 118 行.
NOTIC: [8] Undefined index: HTTP_ACCEPT C:\wamp\www\cjkzy_v1\ThinkPHP\Library\Think\Controller\RestController.class.php 第 118 行.
NOTIC: [8] Undefined index: HTTP_ACCEPT C:\wamp\www\cjkzy_v1\ThinkPHP\Library\Think\Controller\RestController.class.php 第 118 行.
NOTIC: [8] Undefined index: HTTP_ACCEPT C:\wamp\www\cjkzy_v1\ThinkPHP\Library\Think\Controller\RestController.class.php 第 118 行.
NOTIC: [8] Undefined index: HTTP_ACCEPT C:\wamp\www\cjkzy_v1\ThinkPHP\Library\Think\Controller\RestController.class.php 第 118 行.
NOTIC: [8] Undefined index: HTTP_ACCEPT C:\wamp\www\cjkzy_v1\ThinkPHP\Library\Think\Controller\RestController.class.php 第 118 行.
NOTIC: [8] Undefined index: HTTP_ACCEPT C:\wamp\www\cjkzy_v1\ThinkPHP\Library\Think\Controller\RestController.class.php 第 118 行.
NOTIC: [8] Undefined index: HTTP_ACCEPT C:\wamp\www\cjkzy_v1\ThinkPHP\Library\Think\Controller\RestController.class.php 第 118 行.
NOTIC: [8] Undefined index: HTTP_ACCEPT C:\wamp\www\cjkzy_v1\ThinkPHP\Library\Think\Controller\RestController.class.php 第 118 行.
NOTIC: [8] Undefined index: HTTP_ACCEPT C:\wamp\www\cjkzy_v1\ThinkPHP\Library\Think\Controller\RestController.class.php 第 118 行.
NOTIC: [8] Undefined index: HTTP_ACCEPT C:\wamp\www\cjkzy_v1\ThinkPHP\Library\Think\Controller\RestController.class.php 第 118 行.
NOTIC: [8] Undefined index: HTTP_ACCEPT C:\wamp\www\cjkzy_v1\ThinkPHP\Library\Think\Controller\RestController.class.php 第 118 行.
NOTIC: [8] Undefined index: HTTP_ACCEPT C:\wamp\www\cjkzy_v1\ThinkPHP\Library\Think\Controller\RestController.class.php 第 118 行.
NOTIC: [8] Undefined index: HTTP_ACCEPT C:\wamp\www\cjkzy_v1\ThinkPHP\Library\Think\Controller\RestController.class.php 第 118 行.
NOTIC: [8] Undefined index: HTTP_ACCEPT C:\wamp\www\cjkzy_v1\ThinkPHP\Library\Think\Controller\RestController.class.php 第 118 行.
INFO: [ app_end ] --START--
INFO: Run Behavior\ShowPageTraceBehavior [ RunTime:0.000352s ]
INFO: [ app_end ] --END-- [ RunTime:0.000384s ]

[ 2016-07-27T15:46:07+08:00 ] 127.0.0.1 /cjkzy_v1/Raw/messages
INFO: [ app_init ] --START--
INFO: Run Behavior\BuildLiteBehavior [ RunTime:0.000010s ]
INFO: [ app_init ] --END-- [ RunTime:0.000294s ]
INFO: [ app_begin ] --START--
INFO: Run Behavior\ReadHtmlCacheBehavior [ RunTime:0.000382s ]
INFO: [ app_begin ] --END-- [ RunTime:0.000420s ]
NOTIC: [8] Undefined index: HTTP_ACCEPT C:\wamp\www\cjkzy_v1\ThinkPHP\Library\Think\Controller\RestController.class.php 第 118 行.
NOTIC: [8] Undefined index: HTTP_ACCEPT C:\wamp\www\cjkzy_v1\ThinkPHP\Library\Think\Controller\RestController.class.php 第 118 行.
NOTIC: [8] Undefined index: HTTP_ACCEPT C:\wamp\www\cjkzy_v1\ThinkPHP\Library\Think\Controller\RestController.class.php 第 118 行.
NOTIC: [8] Undefined index: HTTP_ACCEPT C:\wamp\www\cjkzy_v1\ThinkPHP\Library\Think\Controller\RestController.class.php 第 118 行.
NOTIC: [8] Undefined index: HTTP_ACCEPT C:\wamp\www\cjkzy_v1\ThinkPHP\Library\Think\Controller\RestController.class.php 第 118 行.
NOTIC: [8] Undefined index: HTTP_ACCEPT C:\wamp\www\cjkzy_v1\ThinkPHP\Library\Think\Controller\RestController.class.php 第 118 行.
NOTIC: [8] Undefined index: HTTP_ACCEPT C:\wamp\www\cjkzy_v1\ThinkPHP\Library\Think\Controller\RestController.class.php 第 118 行.
NOTIC: [8] Undefined index: HTTP_ACCEPT C:\wamp\www\cjkzy_v1\ThinkPHP\Library\Think\Controller\RestController.class.php 第 118 行.
NOTIC: [8] Undefined index: HTTP_ACCEPT C:\wamp\www\cjkzy_v1\ThinkPHP\Library\Think\Controller\RestController.class.php 第 118 行.
NOTIC: [8] Undefined index: HTTP_ACCEPT C:\wamp\www\cjkzy_v1\ThinkPHP\Library\Think\Controller\RestController.class.php 第 118 行.
NOTIC: [8] Undefined index: HTTP_ACCEPT C:\wamp\www\cjkzy_v1\ThinkPHP\Library\Think\Controller\RestController.class.php 第 118 行.
NOTIC: [8] Undefined index: HTTP_ACCEPT C:\wamp\www\cjkzy_v1\ThinkPHP\Library\Think\Controller\RestController.class.php 第 118 行.
NOTIC: [8] Undefined index: HTTP_ACCEPT C:\wamp\www\cjkzy_v1\ThinkPHP\Library\Think\Controller\RestController.class.php 第 118 行.
NOTIC: [8] Undefined index: HTTP_ACCEPT C:\wamp\www\cjkzy_v1\ThinkPHP\Library\Think\Controller\RestController.class.php 第 118 行.
NOTIC: [8] Undefined index: HTTP_ACCEPT C:\wamp\www\cjkzy_v1\ThinkPHP\Library\Think\Controller\RestController.class.php 第 118 行.
NOTIC: [8] Undefined index: HTTP_ACCEPT C:\wamp\www\cjkzy_v1\ThinkPHP\Library\Think\Controller\RestController.class.php 第 118 行.
NOTIC: [8] Undefined index: HTTP_ACCEPT C:\wamp\www\cjkzy_v1\ThinkPHP\Library\Think\Controller\RestController.class.php 第 118 行.
NOTIC: [8] Undefined index: HTTP_ACCEPT C:\wamp\www\cjkzy_v1\ThinkPHP\Library\Think\Controller\RestController.class.php 第 118 行.
NOTIC: [8] Undefined index: HTTP_ACCEPT C:\wamp\www\cjkzy_v1\ThinkPHP\Library\Think\Controller\RestController.class.php 第 118 行.
NOTIC: [8] Undefined index: HTTP_ACCEPT C:\wamp\www\cjkzy_v1\ThinkPHP\Library\Think\Controller\RestController.class.php 第 118 行.
NOTIC: [8] Undefined index: HTTP_ACCEPT C:\wamp\www\cjkzy_v1\ThinkPHP\Library\Think\Controller\RestController.class.php 第 118 行.
NOTIC: [8] Undefined index: HTTP_ACCEPT C:\wamp\www\cjkzy_v1\ThinkPHP\Library\Think\Controller\RestController.class.php 第 118 行.
NOTIC: [8] Undefined index: HTTP_ACCEPT C:\wamp\www\cjkzy_v1\ThinkPHP\Library\Think\Controller\RestController.class.php 第 118 行.
NOTIC: [8] Undefined index: HTTP_ACCEPT C:\wamp\www\cjkzy_v1\ThinkPHP\Library\Think\Controller\RestController.class.php 第 118 行.
NOTIC: [8] Undefined index: HTTP_ACCEPT C:\wamp\www\cjkzy_v1\ThinkPHP\Library\Think\Controller\RestController.class.php 第 118 行.
NOTIC: [8] Undefined index: HTTP_ACCEPT C:\wamp\www\cjkzy_v1\ThinkPHP\Library\Think\Controller\RestController.class.php 第 118 行.
INFO: [ app_end ] --START--
INFO: Run Behavior\ShowPageTraceBehavior [ RunTime:0.000386s ]
INFO: [ app_end ] --END-- [ RunTime:0.000420s ]

[ 2016-07-27T15:47:38+08:00 ] 127.0.0.1 /cjkzy_v1/Raw/messages
INFO: [ app_init ] --START--
INFO: Run Behavior\BuildLiteBehavior [ RunTime:0.000010s ]
INFO: [ app_init ] --END-- [ RunTime:0.000237s ]
INFO: [ app_begin ] --START--
INFO: Run Behavior\ReadHtmlCacheBehavior [ RunTime:0.000358s ]
INFO: [ app_begin ] --END-- [ RunTime:0.000408s ]
NOTIC: [8] Undefined index: HTTP_ACCEPT C:\wamp\www\cjkzy_v1\ThinkPHP\Library\Think\Controller\RestController.class.php 第 118 行.
NOTIC: [8] Undefined index: HTTP_ACCEPT C:\wamp\www\cjkzy_v1\ThinkPHP\Library\Think\Controller\RestController.class.php 第 118 行.
NOTIC: [8] Undefined index: HTTP_ACCEPT C:\wamp\www\cjkzy_v1\ThinkPHP\Library\Think\Controller\RestController.class.php 第 118 行.
NOTIC: [8] Undefined index: HTTP_ACCEPT C:\wamp\www\cjkzy_v1\ThinkPHP\Library\Think\Controller\RestController.class.php 第 118 行.
NOTIC: [8] Undefined index: HTTP_ACCEPT C:\wamp\www\cjkzy_v1\ThinkPHP\Library\Think\Controller\RestController.class.php 第 118 行.
NOTIC: [8] Undefined index: HTTP_ACCEPT C:\wamp\www\cjkzy_v1\ThinkPHP\Library\Think\Controller\RestController.class.php 第 118 行.
NOTIC: [8] Undefined index: HTTP_ACCEPT C:\wamp\www\cjkzy_v1\ThinkPHP\Library\Think\Controller\RestController.class.php 第 118 行.
NOTIC: [8] Undefined index: HTTP_ACCEPT C:\wamp\www\cjkzy_v1\ThinkPHP\Library\Think\Controller\RestController.class.php 第 118 行.
NOTIC: [8] Undefined index: HTTP_ACCEPT C:\wamp\www\cjkzy_v1\ThinkPHP\Library\Think\Controller\RestController.class.php 第 118 行.
NOTIC: [8] Undefined index: HTTP_ACCEPT C:\wamp\www\cjkzy_v1\ThinkPHP\Library\Think\Controller\RestController.class.php 第 118 行.
NOTIC: [8] Undefined index: HTTP_ACCEPT C:\wamp\www\cjkzy_v1\ThinkPHP\Library\Think\Controller\RestController.class.php 第 118 行.
NOTIC: [8] Undefined index: HTTP_ACCEPT C:\wamp\www\cjkzy_v1\ThinkPHP\Library\Think\Controller\RestController.class.php 第 118 行.
NOTIC: [8] Undefined index: HTTP_ACCEPT C:\wamp\www\cjkzy_v1\ThinkPHP\Library\Think\Controller\RestController.class.php 第 118 行.
NOTIC: [8] Undefined index: HTTP_ACCEPT C:\wamp\www\cjkzy_v1\ThinkPHP\Library\Think\Controller\RestController.class.php 第 118 行.
NOTIC: [8] Undefined index: HTTP_ACCEPT C:\wamp\www\cjkzy_v1\ThinkPHP\Library\Think\Controller\RestController.class.php 第 118 行.
NOTIC: [8] Undefined index: HTTP_ACCEPT C:\wamp\www\cjkzy_v1\ThinkPHP\Library\Think\Controller\RestController.class.php 第 118 行.
NOTIC: [8] Undefined index: HTTP_ACCEPT C:\wamp\www\cjkzy_v1\ThinkPHP\Library\Think\Controller\RestController.class.php 第 118 行.
NOTIC: [8] Undefined index: HTTP_ACCEPT C:\wamp\www\cjkzy_v1\ThinkPHP\Library\Think\Controller\RestController.class.php 第 118 行.
NOTIC: [8] Undefined index: HTTP_ACCEPT C:\wamp\www\cjkzy_v1\ThinkPHP\Library\Think\Controller\RestController.class.php 第 118 行.
NOTIC: [8] Undefined index: HTTP_ACCEPT C:\wamp\www\cjkzy_v1\ThinkPHP\Library\Think\Controller\RestController.class.php 第 118 行.
NOTIC: [8] Undefined index: HTTP_ACCEPT C:\wamp\www\cjkzy_v1\ThinkPHP\Library\Think\Controller\RestController.class.php 第 118 行.
NOTIC: [8] Undefined index: HTTP_ACCEPT C:\wamp\www\cjkzy_v1\ThinkPHP\Library\Think\Controller\RestController.class.php 第 118 行.
NOTIC: [8] Undefined index: HTTP_ACCEPT C:\wamp\www\cjkzy_v1\ThinkPHP\Library\Think\Controller\RestController.class.php 第 118 行.
NOTIC: [8] Undefined index: HTTP_ACCEPT C:\wamp\www\cjkzy_v1\ThinkPHP\Library\Think\Controller\RestController.class.php 第 118 行.
NOTIC: [8] Undefined index: HTTP_ACCEPT C:\wamp\www\cjkzy_v1\ThinkPHP\Library\Think\Controller\RestController.class.php 第 118 行.
NOTIC: [8] Undefined index: HTTP_ACCEPT C:\wamp\www\cjkzy_v1\ThinkPHP\Library\Think\Controller\RestController.class.php 第 118 行.
INFO: [ app_end ] --START--
INFO: Run Behavior\ShowPageTraceBehavior [ RunTime:0.000319s ]
INFO: [ app_end ] --END-- [ RunTime:0.000352s ]

[ 2016-07-27T15:48:12+08:00 ] 127.0.0.1 /cjkzy_v1/Raw/messages
INFO: [ app_init ] --START--
INFO: Run Behavior\BuildLiteBehavior [ RunTime:0.000011s ]
INFO: [ app_init ] --END-- [ RunTime:0.000269s ]
INFO: [ app_begin ] --START--
INFO: Run Behavior\ReadHtmlCacheBehavior [ RunTime:0.000395s ]
INFO: [ app_begin ] --END-- [ RunTime:0.000437s ]
NOTIC: [8] Undefined index: HTTP_ACCEPT C:\wamp\www\cjkzy_v1\ThinkPHP\Library\Think\Controller\RestController.class.php 第 118 行.
NOTIC: [8] Undefined index: HTTP_ACCEPT C:\wamp\www\cjkzy_v1\ThinkPHP\Library\Think\Controller\RestController.class.php 第 118 行.
NOTIC: [8] Undefined index: HTTP_ACCEPT C:\wamp\www\cjkzy_v1\ThinkPHP\Library\Think\Controller\RestController.class.php 第 118 行.
NOTIC: [8] Undefined index: HTTP_ACCEPT C:\wamp\www\cjkzy_v1\ThinkPHP\Library\Think\Controller\RestController.class.php 第 118 行.
NOTIC: [8] Undefined index: HTTP_ACCEPT C:\wamp\www\cjkzy_v1\ThinkPHP\Library\Think\Controller\RestController.class.php 第 118 行.
NOTIC: [8] Undefined index: HTTP_ACCEPT C:\wamp\www\cjkzy_v1\ThinkPHP\Library\Think\Controller\RestController.class.php 第 118 行.
NOTIC: [8] Undefined index: HTTP_ACCEPT C:\wamp\www\cjkzy_v1\ThinkPHP\Library\Think\Controller\RestController.class.php 第 118 行.
NOTIC: [8] Undefined index: HTTP_ACCEPT C:\wamp\www\cjkzy_v1\ThinkPHP\Library\Think\Controller\RestController.class.php 第 118 行.
NOTIC: [8] Undefined index: HTTP_ACCEPT C:\wamp\www\cjkzy_v1\ThinkPHP\Library\Think\Controller\RestController.class.php 第 118 行.
NOTIC: [8] Undefined index: HTTP_ACCEPT C:\wamp\www\cjkzy_v1\ThinkPHP\Library\Think\Controller\RestController.class.php 第 118 行.
NOTIC: [8] Undefined index: HTTP_ACCEPT C:\wamp\www\cjkzy_v1\ThinkPHP\Library\Think\Controller\RestController.class.php 第 118 行.
NOTIC: [8] Undefined index: HTTP_ACCEPT C:\wamp\www\cjkzy_v1\ThinkPHP\Library\Think\Controller\RestController.class.php 第 118 行.
NOTIC: [8] Undefined index: HTTP_ACCEPT C:\wamp\www\cjkzy_v1\ThinkPHP\Library\Think\Controller\RestController.class.php 第 118 行.
NOTIC: [8] Undefined index: HTTP_ACCEPT C:\wamp\www\cjkzy_v1\ThinkPHP\Library\Think\Controller\RestController.class.php 第 118 行.
NOTIC: [8] Undefined index: HTTP_ACCEPT C:\wamp\www\cjkzy_v1\ThinkPHP\Library\Think\Controller\RestController.class.php 第 118 行.
NOTIC: [8] Undefined index: HTTP_ACCEPT C:\wamp\www\cjkzy_v1\ThinkPHP\Library\Think\Controller\RestController.class.php 第 118 行.
NOTIC: [8] Undefined index: HTTP_ACCEPT C:\wamp\www\cjkzy_v1\ThinkPHP\Library\Think\Controller\RestController.class.php 第 118 行.
NOTIC: [8] Undefined index: HTTP_ACCEPT C:\wamp\www\cjkzy_v1\ThinkPHP\Library\Think\Controller\RestController.class.php 第 118 行.
NOTIC: [8] Undefined index: HTTP_ACCEPT C:\wamp\www\cjkzy_v1\ThinkPHP\Library\Think\Controller\RestController.class.php 第 118 行.
NOTIC: [8] Undefined index: HTTP_ACCEPT C:\wamp\www\cjkzy_v1\ThinkPHP\Library\Think\Controller\RestController.class.php 第 118 行.
NOTIC: [8] Undefined index: HTTP_ACCEPT C:\wamp\www\cjkzy_v1\ThinkPHP\Library\Think\Controller\RestController.class.php 第 118 行.
NOTIC: [8] Undefined index: HTTP_ACCEPT C:\wamp\www\cjkzy_v1\ThinkPHP\Library\Think\Controller\RestController.class.php 第 118 行.
NOTIC: [8] Undefined index: HTTP_ACCEPT C:\wamp\www\cjkzy_v1\ThinkPHP\Library\Think\Controller\RestController.class.php 第 118 行.
NOTIC: [8] Undefined index: HTTP_ACCEPT C:\wamp\www\cjkzy_v1\ThinkPHP\Library\Think\Controller\RestController.class.php 第 118 行.
NOTIC: [8] Undefined index: HTTP_ACCEPT C:\wamp\www\cjkzy_v1\ThinkPHP\Library\Think\Controller\RestController.class.php 第 118 行.
NOTIC: [8] Undefined index: HTTP_ACCEPT C:\wamp\www\cjkzy_v1\ThinkPHP\Library\Think\Controller\RestController.class.php 第 118 行.
INFO: [ app_end ] --START--
INFO: Run Behavior\ShowPageTraceBehavior [ RunTime:0.000408s ]
INFO: [ app_end ] --END-- [ RunTime:0.000445s ]

[ 2016-07-27T15:54:40+08:00 ] ::1 /cjkzy_v1/Raw/messages
INFO: [ app_init ] --START--
INFO: Run Behavior\BuildLiteBehavior [ RunTime:0.000011s ]
INFO: [ app_init ] --END-- [ RunTime:0.000276s ]
INFO: [ app_begin ] --START--
INFO: Run Behavior\ReadHtmlCacheBehavior [ RunTime:0.000399s ]
INFO: [ app_begin ] --END-- [ RunTime:0.000441s ]
INFO: [ app_end ] --START--
INFO: Run Behavior\ShowPageTraceBehavior [ RunTime:0.000571s ]
INFO: [ app_end ] --END-- [ RunTime:0.000631s ]

[ 2016-07-27T15:56:30+08:00 ] 127.0.0.1 /cjkzy_v1/Raw/messages
INFO: [ app_init ] --START--
INFO: Run Behavior\BuildLiteBehavior [ RunTime:0.000010s ]
INFO: [ app_init ] --END-- [ RunTime:0.000242s ]
INFO: [ app_begin ] --START--
INFO: Run Behavior\ReadHtmlCacheBehavior [ RunTime:0.000344s ]
INFO: [ app_begin ] --END-- [ RunTime:0.000381s ]
NOTIC: [8] Undefined index: HTTP_ACCEPT C:\wamp\www\cjkzy_v1\ThinkPHP\Library\Think\Controller\RestController.class.php 第 118 行.
NOTIC: [8] Undefined index: HTTP_ACCEPT C:\wamp\www\cjkzy_v1\ThinkPHP\Library\Think\Controller\RestController.class.php 第 118 行.
NOTIC: [8] Undefined index: HTTP_ACCEPT C:\wamp\www\cjkzy_v1\ThinkPHP\Library\Think\Controller\RestController.class.php 第 118 行.
NOTIC: [8] Undefined index: HTTP_ACCEPT C:\wamp\www\cjkzy_v1\ThinkPHP\Library\Think\Controller\RestController.class.php 第 118 行.
NOTIC: [8] Undefined index: HTTP_ACCEPT C:\wamp\www\cjkzy_v1\ThinkPHP\Library\Think\Controller\RestController.class.php 第 118 行.
NOTIC: [8] Undefined index: HTTP_ACCEPT C:\wamp\www\cjkzy_v1\ThinkPHP\Library\Think\Controller\RestController.class.php 第 118 行.
NOTIC: [8] Undefined index: HTTP_ACCEPT C:\wamp\www\cjkzy_v1\ThinkPHP\Library\Think\Controller\RestController.class.php 第 118 行.
NOTIC: [8] Undefined index: HTTP_ACCEPT C:\wamp\www\cjkzy_v1\ThinkPHP\Library\Think\Controller\RestController.class.php 第 118 行.
NOTIC: [8] Undefined index: HTTP_ACCEPT C:\wamp\www\cjkzy_v1\ThinkPHP\Library\Think\Controller\RestController.class.php 第 118 行.
NOTIC: [8] Undefined index: HTTP_ACCEPT C:\wamp\www\cjkzy_v1\ThinkPHP\Library\Think\Controller\RestController.class.php 第 118 行.
NOTIC: [8] Undefined index: HTTP_ACCEPT C:\wamp\www\cjkzy_v1\ThinkPHP\Library\Think\Controller\RestController.class.php 第 118 行.
NOTIC: [8] Undefined index: HTTP_ACCEPT C:\wamp\www\cjkzy_v1\ThinkPHP\Library\Think\Controller\RestController.class.php 第 118 行.
NOTIC: [8] Undefined index: HTTP_ACCEPT C:\wamp\www\cjkzy_v1\ThinkPHP\Library\Think\Controller\RestController.class.php 第 118 行.
NOTIC: [8] Undefined index: HTTP_ACCEPT C:\wamp\www\cjkzy_v1\ThinkPHP\Library\Think\Controller\RestController.class.php 第 118 行.
NOTIC: [8] Undefined index: HTTP_ACCEPT C:\wamp\www\cjkzy_v1\ThinkPHP\Library\Think\Controller\RestController.class.php 第 118 行.
NOTIC: [8] Undefined index: HTTP_ACCEPT C:\wamp\www\cjkzy_v1\ThinkPHP\Library\Think\Controller\RestController.class.php 第 118 行.
NOTIC: [8] Undefined index: HTTP_ACCEPT C:\wamp\www\cjkzy_v1\ThinkPHP\Library\Think\Controller\RestController.class.php 第 118 行.
NOTIC: [8] Undefined index: HTTP_ACCEPT C:\wamp\www\cjkzy_v1\ThinkPHP\Library\Think\Controller\RestController.class.php 第 118 行.
NOTIC: [8] Undefined index: HTTP_ACCEPT C:\wamp\www\cjkzy_v1\ThinkPHP\Library\Think\Controller\RestController.class.php 第 118 行.
NOTIC: [8] Undefined index: HTTP_ACCEPT C:\wamp\www\cjkzy_v1\ThinkPHP\Library\Think\Controller\RestController.class.php 第 118 行.
NOTIC: [8] Undefined index: HTTP_ACCEPT C:\wamp\www\cjkzy_v1\ThinkPHP\Library\Think\Controller\RestController.class.php 第 118 行.
NOTIC: [8] Undefined index: HTTP_ACCEPT C:\wamp\www\cjkzy_v1\ThinkPHP\Library\Think\Controller\RestController.class.php 第 118 行.
NOTIC: [8] Undefined index: HTTP_ACCEPT C:\wamp\www\cjkzy_v1\ThinkPHP\Library\Think\Controller\RestController.class.php 第 118 行.
NOTIC: [8] Undefined index: HTTP_ACCEPT C:\wamp\www\cjkzy_v1\ThinkPHP\Library\Think\Controller\RestController.class.php 第 118 行.
NOTIC: [8] Undefined index: HTTP_ACCEPT C:\wamp\www\cjkzy_v1\ThinkPHP\Library\Think\Controller\RestController.class.php 第 118 行.
NOTIC: [8] Undefined index: HTTP_ACCEPT C:\wamp\www\cjkzy_v1\ThinkPHP\Library\Think\Controller\RestController.class.php 第 118 行.

[ 2016-07-27T15:56:54+08:00 ] 127.0.0.1 /cjkzy_v1/Raw/messages
INFO: [ app_init ] --START--
INFO: Run Behavior\BuildLiteBehavior [ RunTime:0.000012s ]
INFO: [ app_init ] --END-- [ RunTime:0.000296s ]
INFO: [ app_begin ] --START--
INFO: Run Behavior\ReadHtmlCacheBehavior [ RunTime:0.000409s ]
INFO: [ app_begin ] --END-- [ RunTime:0.000455s ]
NOTIC: [8] Undefined index: HTTP_ACCEPT C:\wamp\www\cjkzy_v1\ThinkPHP\Library\Think\Controller\RestController.class.php 第 118 行.
NOTIC: [8] Undefined index: HTTP_ACCEPT C:\wamp\www\cjkzy_v1\ThinkPHP\Library\Think\Controller\RestController.class.php 第 118 行.
NOTIC: [8] Undefined index: HTTP_ACCEPT C:\wamp\www\cjkzy_v1\ThinkPHP\Library\Think\Controller\RestController.class.php 第 118 行.
NOTIC: [8] Undefined index: HTTP_ACCEPT C:\wamp\www\cjkzy_v1\ThinkPHP\Library\Think\Controller\RestController.class.php 第 118 行.
NOTIC: [8] Undefined index: HTTP_ACCEPT C:\wamp\www\cjkzy_v1\ThinkPHP\Library\Think\Controller\RestController.class.php 第 118 行.
NOTIC: [8] Undefined index: HTTP_ACCEPT C:\wamp\www\cjkzy_v1\ThinkPHP\Library\Think\Controller\RestController.class.php 第 118 行.
NOTIC: [8] Undefined index: HTTP_ACCEPT C:\wamp\www\cjkzy_v1\ThinkPHP\Library\Think\Controller\RestController.class.php 第 118 行.
NOTIC: [8] Undefined index: HTTP_ACCEPT C:\wamp\www\cjkzy_v1\ThinkPHP\Library\Think\Controller\RestController.class.php 第 118 行.
NOTIC: [8] Undefined index: HTTP_ACCEPT C:\wamp\www\cjkzy_v1\ThinkPHP\Library\Think\Controller\RestController.class.php 第 118 行.
NOTIC: [8] Undefined index: HTTP_ACCEPT C:\wamp\www\cjkzy_v1\ThinkPHP\Library\Think\Controller\RestController.class.php 第 118 行.
NOTIC: [8] Undefined index: HTTP_ACCEPT C:\wamp\www\cjkzy_v1\ThinkPHP\Library\Think\Controller\RestController.class.php 第 118 行.
NOTIC: [8] Undefined index: HTTP_ACCEPT C:\wamp\www\cjkzy_v1\ThinkPHP\Library\Think\Controller\RestController.class.php 第 118 行.
NOTIC: [8] Undefined index: HTTP_ACCEPT C:\wamp\www\cjkzy_v1\ThinkPHP\Library\Think\Controller\RestController.class.php 第 118 行.
NOTIC: [8] Undefined index: HTTP_ACCEPT C:\wamp\www\cjkzy_v1\ThinkPHP\Library\Think\Controller\RestController.class.php 第 118 行.
NOTIC: [8] Undefined index: HTTP_ACCEPT C:\wamp\www\cjkzy_v1\ThinkPHP\Library\Think\Controller\RestController.class.php 第 118 行.
NOTIC: [8] Undefined index: HTTP_ACCEPT C:\wamp\www\cjkzy_v1\ThinkPHP\Library\Think\Controller\RestController.class.php 第 118 行.
NOTIC: [8] Undefined index: HTTP_ACCEPT C:\wamp\www\cjkzy_v1\ThinkPHP\Library\Think\Controller\RestController.class.php 第 118 行.
NOTIC: [8] Undefined index: HTTP_ACCEPT C:\wamp\www\cjkzy_v1\ThinkPHP\Library\Think\Controller\RestController.class.php 第 118 行.
NOTIC: [8] Undefined index: HTTP_ACCEPT C:\wamp\www\cjkzy_v1\ThinkPHP\Library\Think\Controller\RestController.class.php 第 118 行.
NOTIC: [8] Undefined index: HTTP_ACCEPT C:\wamp\www\cjkzy_v1\ThinkPHP\Library\Think\Controller\RestController.class.php 第 118 行.
NOTIC: [8] Undefined index: HTTP_ACCEPT C:\wamp\www\cjkzy_v1\ThinkPHP\Library\Think\Controller\RestController.class.php 第 118 行.
NOTIC: [8] Undefined index: HTTP_ACCEPT C:\wamp\www\cjkzy_v1\ThinkPHP\Library\Think\Controller\RestController.class.php 第 118 行.
NOTIC: [8] Undefined index: HTTP_ACCEPT C:\wamp\www\cjkzy_v1\ThinkPHP\Library\Think\Controller\RestController.class.php 第 118 行.
NOTIC: [8] Undefined index: HTTP_ACCEPT C:\wamp\www\cjkzy_v1\ThinkPHP\Library\Think\Controller\RestController.class.php 第 118 行.
NOTIC: [8] Undefined index: HTTP_ACCEPT C:\wamp\www\cjkzy_v1\ThinkPHP\Library\Think\Controller\RestController.class.php 第 118 行.
NOTIC: [8] Undefined index: HTTP_ACCEPT C:\wamp\www\cjkzy_v1\ThinkPHP\Library\Think\Controller\RestController.class.php 第 118 行.
INFO: [ app_end ] --START--
INFO: Run Behavior\ShowPageTraceBehavior [ RunTime:0.000384s ]
INFO: [ app_end ] --END-- [ RunTime:0.000417s ]

[ 2016-07-27T16:02:02+08:00 ] 127.0.0.1 /cjkzy_v1/Raw/messages
INFO: [ app_init ] --START--
INFO: Run Behavior\BuildLiteBehavior [ RunTime:0.000011s ]
INFO: [ app_init ] --END-- [ RunTime:0.000281s ]
INFO: [ app_begin ] --START--
INFO: Run Behavior\ReadHtmlCacheBehavior [ RunTime:0.000426s ]
INFO: [ app_begin ] --END-- [ RunTime:0.000470s ]
NOTIC: [8] Undefined index: HTTP_ACCEPT C:\wamp\www\cjkzy_v1\ThinkPHP\Library\Think\Controller\RestController.class.php 第 118 行.
NOTIC: [8] Undefined index: HTTP_ACCEPT C:\wamp\www\cjkzy_v1\ThinkPHP\Library\Think\Controller\RestController.class.php 第 118 行.
NOTIC: [8] Undefined index: HTTP_ACCEPT C:\wamp\www\cjkzy_v1\ThinkPHP\Library\Think\Controller\RestController.class.php 第 118 行.
NOTIC: [8] Undefined index: HTTP_ACCEPT C:\wamp\www\cjkzy_v1\ThinkPHP\Library\Think\Controller\RestController.class.php 第 118 行.
NOTIC: [8] Undefined index: HTTP_ACCEPT C:\wamp\www\cjkzy_v1\ThinkPHP\Library\Think\Controller\RestController.class.php 第 118 行.
NOTIC: [8] Undefined index: HTTP_ACCEPT C:\wamp\www\cjkzy_v1\ThinkPHP\Library\Think\Controller\RestController.class.php 第 118 行.
NOTIC: [8] Undefined index: HTTP_ACCEPT C:\wamp\www\cjkzy_v1\ThinkPHP\Library\Think\Controller\RestController.class.php 第 118 行.
NOTIC: [8] Undefined index: HTTP_ACCEPT C:\wamp\www\cjkzy_v1\ThinkPHP\Library\Think\Controller\RestController.class.php 第 118 行.
NOTIC: [8] Undefined index: HTTP_ACCEPT C:\wamp\www\cjkzy_v1\ThinkPHP\Library\Think\Controller\RestController.class.php 第 118 行.
NOTIC: [8] Undefined index: HTTP_ACCEPT C:\wamp\www\cjkzy_v1\ThinkPHP\Library\Think\Controller\RestController.class.php 第 118 行.
NOTIC: [8] Undefined index: HTTP_ACCEPT C:\wamp\www\cjkzy_v1\ThinkPHP\Library\Think\Controller\RestController.class.php 第 118 行.
NOTIC: [8] Undefined index: HTTP_ACCEPT C:\wamp\www\cjkzy_v1\ThinkPHP\Library\Think\Controller\RestController.class.php 第 118 行.
NOTIC: [8] Undefined index: HTTP_ACCEPT C:\wamp\www\cjkzy_v1\ThinkPHP\Library\Think\Controller\RestController.class.php 第 118 行.
NOTIC: [8] Undefined index: HTTP_ACCEPT C:\wamp\www\cjkzy_v1\ThinkPHP\Library\Think\Controller\RestController.class.php 第 118 行.
NOTIC: [8] Undefined index: HTTP_ACCEPT C:\wamp\www\cjkzy_v1\ThinkPHP\Library\Think\Controller\RestController.class.php 第 118 行.
NOTIC: [8] Undefined index: HTTP_ACCEPT C:\wamp\www\cjkzy_v1\ThinkPHP\Library\Think\Controller\RestController.class.php 第 118 行.
NOTIC: [8] Undefined index: HTTP_ACCEPT C:\wamp\www\cjkzy_v1\ThinkPHP\Library\Think\Controller\RestController.class.php 第 118 行.
NOTIC: [8] Undefined index: HTTP_ACCEPT C:\wamp\www\cjkzy_v1\ThinkPHP\Library\Think\Controller\RestController.class.php 第 118 行.
NOTIC: [8] Undefined index: HTTP_ACCEPT C:\wamp\www\cjkzy_v1\ThinkPHP\Library\Think\Controller\RestController.class.php 第 118 行.
NOTIC: [8] Undefined index: HTTP_ACCEPT C:\wamp\www\cjkzy_v1\ThinkPHP\Library\Think\Controller\RestController.class.php 第 118 行.
NOTIC: [8] Undefined index: HTTP_ACCEPT C:\wamp\www\cjkzy_v1\ThinkPHP\Library\Think\Controller\RestController.class.php 第 118 行.
NOTIC: [8] Undefined index: HTTP_ACCEPT C:\wamp\www\cjkzy_v1\ThinkPHP\Library\Think\Controller\RestController.class.php 第 118 行.
NOTIC: [8] Undefined index: HTTP_ACCEPT C:\wamp\www\cjkzy_v1\ThinkPHP\Library\Think\Controller\RestController.class.php 第 118 行.
NOTIC: [8] Undefined index: HTTP_ACCEPT C:\wamp\www\cjkzy_v1\ThinkPHP\Library\Think\Controller\RestController.class.php 第 118 行.
NOTIC: [8] Undefined index: HTTP_ACCEPT C:\wamp\www\cjkzy_v1\ThinkPHP\Library\Think\Controller\RestController.class.php 第 118 行.
NOTIC: [8] Undefined index: HTTP_ACCEPT C:\wamp\www\cjkzy_v1\ThinkPHP\Library\Think\Controller\RestController.class.php 第 118 行.

[ 2016-07-27T16:06:06+08:00 ] 127.0.0.1 /cjkzy_v1/Raw/messages
INFO: [ app_init ] --START--
INFO: Run Behavior\BuildLiteBehavior [ RunTime:0.000014s ]
INFO: [ app_init ] --END-- [ RunTime:0.000449s ]
INFO: [ app_begin ] --START--
INFO: Run Behavior\ReadHtmlCacheBehavior [ RunTime:0.000418s ]
INFO: [ app_begin ] --END-- [ RunTime:0.000461s ]
NOTIC: [8] Undefined index: HTTP_ACCEPT C:\wamp\www\cjkzy_v1\ThinkPHP\Library\Think\Controller\RestController.class.php 第 118 行.
NOTIC: [8] Undefined index: HTTP_ACCEPT C:\wamp\www\cjkzy_v1\ThinkPHP\Library\Think\Controller\RestController.class.php 第 118 行.
NOTIC: [8] Undefined index: HTTP_ACCEPT C:\wamp\www\cjkzy_v1\ThinkPHP\Library\Think\Controller\RestController.class.php 第 118 行.
NOTIC: [8] Undefined index: HTTP_ACCEPT C:\wamp\www\cjkzy_v1\ThinkPHP\Library\Think\Controller\RestController.class.php 第 118 行.
NOTIC: [8] Undefined index: HTTP_ACCEPT C:\wamp\www\cjkzy_v1\ThinkPHP\Library\Think\Controller\RestController.class.php 第 118 行.
NOTIC: [8] Undefined index: HTTP_ACCEPT C:\wamp\www\cjkzy_v1\ThinkPHP\Library\Think\Controller\RestController.class.php 第 118 行.
NOTIC: [8] Undefined index: HTTP_ACCEPT C:\wamp\www\cjkzy_v1\ThinkPHP\Library\Think\Controller\RestController.class.php 第 118 行.
NOTIC: [8] Undefined index: HTTP_ACCEPT C:\wamp\www\cjkzy_v1\ThinkPHP\Library\Think\Controller\RestController.class.php 第 118 行.
NOTIC: [8] Undefined index: HTTP_ACCEPT C:\wamp\www\cjkzy_v1\ThinkPHP\Library\Think\Controller\RestController.class.php 第 118 行.
NOTIC: [8] Undefined index: HTTP_ACCEPT C:\wamp\www\cjkzy_v1\ThinkPHP\Library\Think\Controller\RestController.class.php 第 118 行.
NOTIC: [8] Undefined index: HTTP_ACCEPT C:\wamp\www\cjkzy_v1\ThinkPHP\Library\Think\Controller\RestController.class.php 第 118 行.
NOTIC: [8] Undefined index: HTTP_ACCEPT C:\wamp\www\cjkzy_v1\ThinkPHP\Library\Think\Controller\RestController.class.php 第 118 行.
NOTIC: [8] Undefined index: HTTP_ACCEPT C:\wamp\www\cjkzy_v1\ThinkPHP\Library\Think\Controller\RestController.class.php 第 118 行.
NOTIC: [8] Undefined index: HTTP_ACCEPT C:\wamp\www\cjkzy_v1\ThinkPHP\Library\Think\Controller\RestController.class.php 第 118 行.
NOTIC: [8] Undefined index: HTTP_ACCEPT C:\wamp\www\cjkzy_v1\ThinkPHP\Library\Think\Controller\RestController.class.php 第 118 行.
NOTIC: [8] Undefined index: HTTP_ACCEPT C:\wamp\www\cjkzy_v1\ThinkPHP\Library\Think\Controller\RestController.class.php 第 118 行.
NOTIC: [8] Undefined index: HTTP_ACCEPT C:\wamp\www\cjkzy_v1\ThinkPHP\Library\Think\Controller\RestController.class.php 第 118 行.
NOTIC: [8] Undefined index: HTTP_ACCEPT C:\wamp\www\cjkzy_v1\ThinkPHP\Library\Think\Controller\RestController.class.php 第 118 行.
NOTIC: [8] Undefined index: HTTP_ACCEPT C:\wamp\www\cjkzy_v1\ThinkPHP\Library\Think\Controller\RestController.class.php 第 118 行.
NOTIC: [8] Undefined index: HTTP_ACCEPT C:\wamp\www\cjkzy_v1\ThinkPHP\Library\Think\Controller\RestController.class.php 第 118 行.
NOTIC: [8] Undefined index: HTTP_ACCEPT C:\wamp\www\cjkzy_v1\ThinkPHP\Library\Think\Controller\RestController.class.php 第 118 行.
NOTIC: [8] Undefined index: HTTP_ACCEPT C:\wamp\www\cjkzy_v1\ThinkPHP\Library\Think\Controller\RestController.class.php 第 118 行.
NOTIC: [8] Undefined index: HTTP_ACCEPT C:\wamp\www\cjkzy_v1\ThinkPHP\Library\Think\Controller\RestController.class.php 第 118 行.
NOTIC: [8] Undefined index: HTTP_ACCEPT C:\wamp\www\cjkzy_v1\ThinkPHP\Library\Think\Controller\RestController.class.php 第 118 行.
NOTIC: [8] Undefined index: HTTP_ACCEPT C:\wamp\www\cjkzy_v1\ThinkPHP\Library\Think\Controller\RestController.class.php 第 118 行.
NOTIC: [8] Undefined index: HTTP_ACCEPT C:\wamp\www\cjkzy_v1\ThinkPHP\Library\Think\Controller\RestController.class.php 第 118 行.
NOTIC: [8] Undefined index: content C:\wamp\www\cjkzy_v1\Application\Views\Controller\RawController.class.php 第 45 行.

[ 2016-07-27T16:10:18+08:00 ] 127.0.0.1 /cjkzy_v1/Raw/messages
INFO: [ app_init ] --START--
INFO: Run Behavior\BuildLiteBehavior [ RunTime:0.000011s ]
INFO: [ app_init ] --END-- [ RunTime:0.000276s ]
INFO: [ app_begin ] --START--
INFO: Run Behavior\ReadHtmlCacheBehavior [ RunTime:0.000394s ]
INFO: [ app_begin ] --END-- [ RunTime:0.000435s ]
NOTIC: [8] Undefined index: HTTP_ACCEPT C:\wamp\www\cjkzy_v1\ThinkPHP\Library\Think\Controller\RestController.class.php 第 118 行.
NOTIC: [8] Undefined index: HTTP_ACCEPT C:\wamp\www\cjkzy_v1\ThinkPHP\Library\Think\Controller\RestController.class.php 第 118 行.
NOTIC: [8] Undefined index: HTTP_ACCEPT C:\wamp\www\cjkzy_v1\ThinkPHP\Library\Think\Controller\RestController.class.php 第 118 行.
NOTIC: [8] Undefined index: HTTP_ACCEPT C:\wamp\www\cjkzy_v1\ThinkPHP\Library\Think\Controller\RestController.class.php 第 118 行.
NOTIC: [8] Undefined index: HTTP_ACCEPT C:\wamp\www\cjkzy_v1\ThinkPHP\Library\Think\Controller\RestController.class.php 第 118 行.
NOTIC: [8] Undefined index: HTTP_ACCEPT C:\wamp\www\cjkzy_v1\ThinkPHP\Library\Think\Controller\RestController.class.php 第 118 行.
NOTIC: [8] Undefined index: HTTP_ACCEPT C:\wamp\www\cjkzy_v1\ThinkPHP\Library\Think\Controller\RestController.class.php 第 118 行.
NOTIC: [8] Undefined index: HTTP_ACCEPT C:\wamp\www\cjkzy_v1\ThinkPHP\Library\Think\Controller\RestController.class.php 第 118 行.
NOTIC: [8] Undefined index: HTTP_ACCEPT C:\wamp\www\cjkzy_v1\ThinkPHP\Library\Think\Controller\RestController.class.php 第 118 行.
NOTIC: [8] Undefined index: HTTP_ACCEPT C:\wamp\www\cjkzy_v1\ThinkPHP\Library\Think\Controller\RestController.class.php 第 118 行.
NOTIC: [8] Undefined index: HTTP_ACCEPT C:\wamp\www\cjkzy_v1\ThinkPHP\Library\Think\Controller\RestController.class.php 第 118 行.
NOTIC: [8] Undefined index: HTTP_ACCEPT C:\wamp\www\cjkzy_v1\ThinkPHP\Library\Think\Controller\RestController.class.php 第 118 行.
NOTIC: [8] Undefined index: HTTP_ACCEPT C:\wamp\www\cjkzy_v1\ThinkPHP\Library\Think\Controller\RestController.class.php 第 118 行.
NOTIC: [8] Undefined index: HTTP_ACCEPT C:\wamp\www\cjkzy_v1\ThinkPHP\Library\Think\Controller\RestController.class.php 第 118 行.
NOTIC: [8] Undefined index: HTTP_ACCEPT C:\wamp\www\cjkzy_v1\ThinkPHP\Library\Think\Controller\RestController.class.php 第 118 行.
NOTIC: [8] Undefined index: HTTP_ACCEPT C:\wamp\www\cjkzy_v1\ThinkPHP\Library\Think\Controller\RestController.class.php 第 118 行.
NOTIC: [8] Undefined index: HTTP_ACCEPT C:\wamp\www\cjkzy_v1\ThinkPHP\Library\Think\Controller\RestController.class.php 第 118 行.
NOTIC: [8] Undefined index: HTTP_ACCEPT C:\wamp\www\cjkzy_v1\ThinkPHP\Library\Think\Controller\RestController.class.php 第 118 行.
NOTIC: [8] Undefined index: HTTP_ACCEPT C:\wamp\www\cjkzy_v1\ThinkPHP\Library\Think\Controller\RestController.class.php 第 118 行.
NOTIC: [8] Undefined index: HTTP_ACCEPT C:\wamp\www\cjkzy_v1\ThinkPHP\Library\Think\Controller\RestController.class.php 第 118 行.
NOTIC: [8] Undefined index: HTTP_ACCEPT C:\wamp\www\cjkzy_v1\ThinkPHP\Library\Think\Controller\RestController.class.php 第 118 行.
NOTIC: [8] Undefined index: HTTP_ACCEPT C:\wamp\www\cjkzy_v1\ThinkPHP\Library\Think\Controller\RestController.class.php 第 118 行.
NOTIC: [8] Undefined index: HTTP_ACCEPT C:\wamp\www\cjkzy_v1\ThinkPHP\Library\Think\Controller\RestController.class.php 第 118 行.
NOTIC: [8] Undefined index: HTTP_ACCEPT C:\wamp\www\cjkzy_v1\ThinkPHP\Library\Think\Controller\RestController.class.php 第 118 行.
NOTIC: [8] Undefined index: HTTP_ACCEPT C:\wamp\www\cjkzy_v1\ThinkPHP\Library\Think\Controller\RestController.class.php 第 118 行.
NOTIC: [8] Undefined index: HTTP_ACCEPT C:\wamp\www\cjkzy_v1\ThinkPHP\Library\Think\Controller\RestController.class.php 第 118 行.
NOTIC: [8] Undefined index: content C:\wamp\www\cjkzy_v1\Application\Views\Controller\RawController.class.php 第 45 行.

[ 2016-07-27T16:16:05+08:00 ] 127.0.0.1 /cjkzy_v1/Raw/messages
INFO: [ app_init ] --START--
INFO: Run Behavior\BuildLiteBehavior [ RunTime:0.000010s ]
INFO: [ app_init ] --END-- [ RunTime:0.000260s ]
INFO: [ app_begin ] --START--
INFO: Run Behavior\ReadHtmlCacheBehavior [ RunTime:0.000385s ]
INFO: [ app_begin ] --END-- [ RunTime:0.000435s ]
NOTIC: [8] Undefined index: HTTP_ACCEPT C:\wamp\www\cjkzy_v1\ThinkPHP\Library\Think\Controller\RestController.class.php 第 118 行.
NOTIC: [8] Undefined index: HTTP_ACCEPT C:\wamp\www\cjkzy_v1\ThinkPHP\Library\Think\Controller\RestController.class.php 第 118 行.
NOTIC: [8] Undefined index: HTTP_ACCEPT C:\wamp\www\cjkzy_v1\ThinkPHP\Library\Think\Controller\RestController.class.php 第 118 行.
NOTIC: [8] Undefined index: HTTP_ACCEPT C:\wamp\www\cjkzy_v1\ThinkPHP\Library\Think\Controller\RestController.class.php 第 118 行.
NOTIC: [8] Undefined index: HTTP_ACCEPT C:\wamp\www\cjkzy_v1\ThinkPHP\Library\Think\Controller\RestController.class.php 第 118 行.
NOTIC: [8] Undefined index: HTTP_ACCEPT C:\wamp\www\cjkzy_v1\ThinkPHP\Library\Think\Controller\RestController.class.php 第 118 行.
NOTIC: [8] Undefined index: HTTP_ACCEPT C:\wamp\www\cjkzy_v1\ThinkPHP\Library\Think\Controller\RestController.class.php 第 118 行.
NOTIC: [8] Undefined index: HTTP_ACCEPT C:\wamp\www\cjkzy_v1\ThinkPHP\Library\Think\Controller\RestController.class.php 第 118 行.
NOTIC: [8] Undefined index: HTTP_ACCEPT C:\wamp\www\cjkzy_v1\ThinkPHP\Library\Think\Controller\RestController.class.php 第 118 行.
NOTIC: [8] Undefined index: HTTP_ACCEPT C:\wamp\www\cjkzy_v1\ThinkPHP\Library\Think\Controller\RestController.class.php 第 118 行.
NOTIC: [8] Undefined index: HTTP_ACCEPT C:\wamp\www\cjkzy_v1\ThinkPHP\Library\Think\Controller\RestController.class.php 第 118 行.
NOTIC: [8] Undefined index: HTTP_ACCEPT C:\wamp\www\cjkzy_v1\ThinkPHP\Library\Think\Controller\RestController.class.php 第 118 行.
NOTIC: [8] Undefined index: HTTP_ACCEPT C:\wamp\www\cjkzy_v1\ThinkPHP\Library\Think\Controller\RestController.class.php 第 118 行.
NOTIC: [8] Undefined index: HTTP_ACCEPT C:\wamp\www\cjkzy_v1\ThinkPHP\Library\Think\Controller\RestController.class.php 第 118 行.
NOTIC: [8] Undefined index: HTTP_ACCEPT C:\wamp\www\cjkzy_v1\ThinkPHP\Library\Think\Controller\RestController.class.php 第 118 行.
NOTIC: [8] Undefined index: HTTP_ACCEPT C:\wamp\www\cjkzy_v1\ThinkPHP\Library\Think\Controller\RestController.class.php 第 118 行.
NOTIC: [8] Undefined index: HTTP_ACCEPT C:\wamp\www\cjkzy_v1\ThinkPHP\Library\Think\Controller\RestController.class.php 第 118 行.
NOTIC: [8] Undefined index: HTTP_ACCEPT C:\wamp\www\cjkzy_v1\ThinkPHP\Library\Think\Controller\RestController.class.php 第 118 行.
NOTIC: [8] Undefined index: HTTP_ACCEPT C:\wamp\www\cjkzy_v1\ThinkPHP\Library\Think\Controller\RestController.class.php 第 118 行.
NOTIC: [8] Undefined index: HTTP_ACCEPT C:\wamp\www\cjkzy_v1\ThinkPHP\Library\Think\Controller\RestController.class.php 第 118 行.
NOTIC: [8] Undefined index: HTTP_ACCEPT C:\wamp\www\cjkzy_v1\ThinkPHP\Library\Think\Controller\RestController.class.php 第 118 行.
NOTIC: [8] Undefined index: HTTP_ACCEPT C:\wamp\www\cjkzy_v1\ThinkPHP\Library\Think\Controller\RestController.class.php 第 118 行.
NOTIC: [8] Undefined index: HTTP_ACCEPT C:\wamp\www\cjkzy_v1\ThinkPHP\Library\Think\Controller\RestController.class.php 第 118 行.
NOTIC: [8] Undefined index: HTTP_ACCEPT C:\wamp\www\cjkzy_v1\ThinkPHP\Library\Think\Controller\RestController.class.php 第 118 行.
NOTIC: [8] Undefined index: HTTP_ACCEPT C:\wamp\www\cjkzy_v1\ThinkPHP\Library\Think\Controller\RestController.class.php 第 118 行.
NOTIC: [8] Undefined index: HTTP_ACCEPT C:\wamp\www\cjkzy_v1\ThinkPHP\Library\Think\Controller\RestController.class.php 第 118 行.
NOTIC: [8] Undefined index: content C:\wamp\www\cjkzy_v1\Application\Views\Controller\RawController.class.php 第 45 行.
NOTIC: [8] Undefined index: jsonObject C:\wamp\www\cjkzy_v1\Application\Views\Controller\RawController.class.php 第 47 行.

[ 2016-07-27T16:18:18+08:00 ] 127.0.0.1 /cjkzy_v1/Raw/messages
INFO: [ app_init ] --START--
INFO: Run Behavior\BuildLiteBehavior [ RunTime:0.000011s ]
INFO: [ app_init ] --END-- [ RunTime:0.000306s ]
INFO: [ app_begin ] --START--
INFO: Run Behavior\ReadHtmlCacheBehavior [ RunTime:0.000406s ]
INFO: [ app_begin ] --END-- [ RunTime:0.000448s ]
NOTIC: [8] Undefined index: HTTP_ACCEPT C:\wamp\www\cjkzy_v1\ThinkPHP\Library\Think\Controller\RestController.class.php 第 118 行.
NOTIC: [8] Undefined index: HTTP_ACCEPT C:\wamp\www\cjkzy_v1\ThinkPHP\Library\Think\Controller\RestController.class.php 第 118 行.
NOTIC: [8] Undefined index: HTTP_ACCEPT C:\wamp\www\cjkzy_v1\ThinkPHP\Library\Think\Controller\RestController.class.php 第 118 行.
NOTIC: [8] Undefined index: HTTP_ACCEPT C:\wamp\www\cjkzy_v1\ThinkPHP\Library\Think\Controller\RestController.class.php 第 118 行.
NOTIC: [8] Undefined index: HTTP_ACCEPT C:\wamp\www\cjkzy_v1\ThinkPHP\Library\Think\Controller\RestController.class.php 第 118 行.
NOTIC: [8] Undefined index: HTTP_ACCEPT C:\wamp\www\cjkzy_v1\ThinkPHP\Library\Think\Controller\RestController.class.php 第 118 行.
NOTIC: [8] Undefined index: HTTP_ACCEPT C:\wamp\www\cjkzy_v1\ThinkPHP\Library\Think\Controller\RestController.class.php 第 118 行.
NOTIC: [8] Undefined index: HTTP_ACCEPT C:\wamp\www\cjkzy_v1\ThinkPHP\Library\Think\Controller\RestController.class.php 第 118 行.
NOTIC: [8] Undefined index: HTTP_ACCEPT C:\wamp\www\cjkzy_v1\ThinkPHP\Library\Think\Controller\RestController.class.php 第 118 行.
NOTIC: [8] Undefined index: HTTP_ACCEPT C:\wamp\www\cjkzy_v1\ThinkPHP\Library\Think\Controller\RestController.class.php 第 118 行.
NOTIC: [8] Undefined index: HTTP_ACCEPT C:\wamp\www\cjkzy_v1\ThinkPHP\Library\Think\Controller\RestController.class.php 第 118 行.
NOTIC: [8] Undefined index: HTTP_ACCEPT C:\wamp\www\cjkzy_v1\ThinkPHP\Library\Think\Controller\RestController.class.php 第 118 行.
NOTIC: [8] Undefined index: HTTP_ACCEPT C:\wamp\www\cjkzy_v1\ThinkPHP\Library\Think\Controller\RestController.class.php 第 118 行.
NOTIC: [8] Undefined index: HTTP_ACCEPT C:\wamp\www\cjkzy_v1\ThinkPHP\Library\Think\Controller\RestController.class.php 第 118 行.
NOTIC: [8] Undefined index: HTTP_ACCEPT C:\wamp\www\cjkzy_v1\ThinkPHP\Library\Think\Controller\RestController.class.php 第 118 行.
NOTIC: [8] Undefined index: HTTP_ACCEPT C:\wamp\www\cjkzy_v1\ThinkPHP\Library\Think\Controller\RestController.class.php 第 118 行.
NOTIC: [8] Undefined index: HTTP_ACCEPT C:\wamp\www\cjkzy_v1\ThinkPHP\Library\Think\Controller\RestController.class.php 第 118 行.
NOTIC: [8] Undefined index: HTTP_ACCEPT C:\wamp\www\cjkzy_v1\ThinkPHP\Library\Think\Controller\RestController.class.php 第 118 行.
NOTIC: [8] Undefined index: HTTP_ACCEPT C:\wamp\www\cjkzy_v1\ThinkPHP\Library\Think\Controller\RestController.class.php 第 118 行.
NOTIC: [8] Undefined index: HTTP_ACCEPT C:\wamp\www\cjkzy_v1\ThinkPHP\Library\Think\Controller\RestController.class.php 第 118 行.
NOTIC: [8] Undefined index: HTTP_ACCEPT C:\wamp\www\cjkzy_v1\ThinkPHP\Library\Think\Controller\RestController.class.php 第 118 行.
NOTIC: [8] Undefined index: HTTP_ACCEPT C:\wamp\www\cjkzy_v1\ThinkPHP\Library\Think\Controller\RestController.class.php 第 118 行.
NOTIC: [8] Undefined index: HTTP_ACCEPT C:\wamp\www\cjkzy_v1\ThinkPHP\Library\Think\Controller\RestController.class.php 第 118 行.
NOTIC: [8] Undefined index: HTTP_ACCEPT C:\wamp\www\cjkzy_v1\ThinkPHP\Library\Think\Controller\RestController.class.php 第 118 行.
NOTIC: [8] Undefined index: HTTP_ACCEPT C:\wamp\www\cjkzy_v1\ThinkPHP\Library\Think\Controller\RestController.class.php 第 118 行.
NOTIC: [8] Undefined index: HTTP_ACCEPT C:\wamp\www\cjkzy_v1\ThinkPHP\Library\Think\Controller\RestController.class.php 第 118 行.
NOTIC: [8] Undefined index: jsonObject C:\wamp\www\cjkzy_v1\Application\Views\Controller\RawController.class.php 第 47 行.

